0 verbose cli C:\Program Files\nodejs\node.exe C:\Program Files\nodejs\node_modules\npm\bin\npm-cli.js
1 info using npm@11.16.0
2 info using node@v26.3.1
3 silly config load:file:C:\Program Files\nodejs\node_modules\npm\npmrc
4 silly config load:file:C:\Users\malter\Projects\pr-radar\.npmrc
5 silly config load:file:C:\Users\malter\.npmrc
6 silly config load:file:C:\Users\malter\AppData\Roaming\npm\etc\npmrc
7 verbose title npm exec vercel auth logibn
8 verbose argv "exec" "--" "vercel" "auth" "logibn"
9 verbose logfile logs-max:10 dir:C:\Users\malter\Projects\pr-radar\.npm-cache\_logs\2026-06-21T13_59_29_319Z-
10 verbose logfile C:\Users\malter\Projects\pr-radar\.npm-cache\_logs\2026-06-21T13_59_29_319Z-debug-0.log
11 silly logfile done cleaning log files
12 http fetch GET 200 https://registry.npmjs.org/npm 568ms
13 verbose cwd C:\Users\malter\Projects\pr-radar
14 verbose os Windows_NT 10.0.26200
15 verbose node v26.3.1
16 verbose npm  v11.16.0
17 notice
17 notice New [33mminor[39m version of npm available! [33m11.16.0[39m -> [34m11.17.0[39m
17 notice Changelog: [34mhttps://github.com/npm/cli/releases/tag/v11.17.0[39m
17 notice To update run: [4mnpm install -g npm@11.17.0[24m
17 notice  { force: true, Symbol(proc-log.meta): true }
18 verbose exit 1
19 verbose code 1
